0 info it worked if it ends with ok
1 verbose cli [ 'C:\\Program Files\\nodejs\\node.exe',
1 verbose cli   'C:\\Program Files\\nodejs\\node_modules\\npm\\bin\\npm-cli.js',
1 verbose cli   'run',
1 verbose cli   'watch-css' ]
2 info using npm@3.10.10
3 info using node@v6.10.2
4 verbose run-script [ 'prewatch-css', 'watch-css', 'postwatch-css' ]
5 info lifecycle sass-node@1.0.0~prewatch-css: sass-node@1.0.0
6 silly lifecycle sass-node@1.0.0~prewatch-css: no script for prewatch-css, continuing
7 info lifecycle sass-node@1.0.0~watch-css: sass-node@1.0.0
8 verbose lifecycle sass-node@1.0.0~watch-css: unsafe-perm in lifecycle true
9 verbose lifecycle sass-node@1.0.0~watch-css: PATH: C:\Program Files\nodejs\node_modules\npm\bin\node-gyp-bin;e:\Programs\Openserver\OpenServer5.2.6\OpenServer\domains\sass-node\node_modules\.bin;E:\Programs\cmder\bin;E:\Programs\cmder\vendor\conemu-maximus5\ConEmu\Scripts;E:\Programs\cmder\vendor\conemu-maximus5;E:\Programs\cmder\vendor\conemu-maximus5\ConEmu;C:\ProgramData\Oracle\Java\javapath;C:\WINDOWS\system32;C:\WINDOWS;C:\WINDOWS\System32\Wbem;C:\WINDOWS\System32\WindowsPowerShell\v1.0\;C:\Program Files\Git\cmd;E:\Programs\Mathlab\bin\win32;C:\Program Files (x86)\Common Files\Acronis\SnapAPI\;C:\program files (x86)\skype\Phone\;C:\Program Files (x86)\Brackets\command;C:\Program Files\nodejs\;C:\Users\andri\AppData\Local\Microsoft\WindowsApps;C:\Users\andri\AppData\Roaming\Dashlane\4.6.4.21286\bin\Firefox_Extension\{442718d9-475e-452a-b3e1-fb1ee16b8e9f}\components;C:\Users\andri\AppData\Roaming\Dashlane\4.6.5.21982\bin\Firefox_Extension\{442718d9-475e-452a-b3e1-fb1ee16b8e9f}\components;C:\Users\andri\AppData\Roaming\Dashlane\4.6.6.23032\bin\Firefox_Extension\{442718d9-475e-452a-b3e1-fb1ee16b8e9f}\components;C:\Users\andri\AppData\Roaming\Dashlane\4.7.1.28771\bin\Firefox_Extension\{442718d9-475e-452a-b3e1-fb1ee16b8e9f}\components;C:\Users\andri\AppData\Roaming\Dashlane\4.7.1.28771\ucrt;C:\Users\andri\AppData\Roaming\npm;C:\Program Files\Git\usr\bin;C:\Program Files\Git\usr\share\vim\vim74;E:\Programs\cmder\
10 verbose lifecycle sass-node@1.0.0~watch-css: CWD: e:\Programs\Openserver\OpenServer5.2.6\OpenServer\domains\sass-node
11 silly lifecycle sass-node@1.0.0~watch-css: Args: [ '/d /s /c', './bin/watch-css' ]
12 silly lifecycle sass-node@1.0.0~watch-css: Returned: code: 1  signal: null
13 info lifecycle sass-node@1.0.0~watch-css: Failed to exec watch-css script
14 verbose stack Error: sass-node@1.0.0 watch-css: `./bin/watch-css`
14 verbose stack Exit status 1
14 verbose stack     at EventEmitter.<anonymous> (C:\Program Files\nodejs\node_modules\npm\lib\utils\lifecycle.js:255:16)
14 verbose stack     at emitTwo (events.js:106:13)
14 verbose stack     at EventEmitter.emit (events.js:191:7)
14 verbose stack     at ChildProcess.<anonymous> (C:\Program Files\nodejs\node_modules\npm\lib\utils\spawn.js:40:14)
14 verbose stack     at emitTwo (events.js:106:13)
14 verbose stack     at ChildProcess.emit (events.js:191:7)
14 verbose stack     at maybeClose (internal/child_process.js:886:16)
14 verbose stack     at Process.ChildProcess._handle.onexit (internal/child_process.js:226:5)
15 verbose pkgid sass-node@1.0.0
16 verbose cwd e:\Programs\Openserver\OpenServer5.2.6\OpenServer\domains\sass-node
17 error Windows_NT 10.0.14393
18 error argv "C:\\Program Files\\nodejs\\node.exe" "C:\\Program Files\\nodejs\\node_modules\\npm\\bin\\npm-cli.js" "run" "watch-css"
19 error node v6.10.2
20 error npm  v3.10.10
21 error code ELIFECYCLE
22 error sass-node@1.0.0 watch-css: `./bin/watch-css`
22 error Exit status 1
23 error Failed at the sass-node@1.0.0 watch-css script './bin/watch-css'.
23 error Make sure you have the latest version of node.js and npm installed.
23 error If you do, this is most likely a problem with the sass-node package,
23 error not with npm itself.
23 error Tell the author that this fails on your system:
23 error     ./bin/watch-css
23 error You can get information on how to open an issue for this project with:
23 error     npm bugs sass-node
23 error Or if that isn't available, you can get their info via:
23 error     npm owner ls sass-node
23 error There is likely additional logging output above.
24 verbose exit [ 1, true ]
